빌드 시작: 2015-09-23 오후 12:19:42
     1>2 노드의 "C:\Users\수업\201502Graphics\201502_Graphics\ExCodes\Ex04_SceneWithTransforms\Ex04_SceneWithTransforms\Ex04_SceneWithTransforms.vcxproj" 프로젝트(build 대상)입니다.
     1>InitializeBuildStatus:
         "AlwaysCreate"이(가) 지정되었기 때문에 "Debug\Ex04_SceneWithTransforms.unsuccessfulbuild"을(를) 만들고 있습니다.
       ClCompile:
         C:\Program Files (x86)\Microsoft Visual Studio 10.0\VC\bin\CL.exe /c /ZI /nologo /W3 /WX- /Od /Oy- /D WIN32 /D _DEBUG /D _CONSOLE /D _UNICODE /D UNICODE /Gm /EHsc /RTC1 /MDd /GS /fp:precise /Zc:wchar_t /Zc:forScope /Fo"Debug\\" /Fd"Debug\vc100.pdb" /Gd /TP /analyze- /errorReport:prompt main.cpp
         main.cpp
     1>c:\users\수업\201502graphics\201502_graphics\excodes\ex04_scenewithtransforms\ex04_scenewithtransforms\main.cpp(27): warning C4244: '=' : 'double'에서 'float'(으)로 변환하면서 데이터가 손실될 수 있습니다.
     1>c:\users\수업\201502graphics\201502_graphics\excodes\ex04_scenewithtransforms\ex04_scenewithtransforms\main.cpp(28): warning C4244: '=' : 'double'에서 'float'(으)로 변환하면서 데이터가 손실될 수 있습니다.
     1>c:\users\수업\201502graphics\201502_graphics\excodes\ex04_scenewithtransforms\ex04_scenewithtransforms\main.cpp(29): warning C4244: '=' : 'double'에서 'float'(으)로 변환하면서 데이터가 손실될 수 있습니다.
     1>c:\users\수업\201502graphics\201502_graphics\excodes\ex04_scenewithtransforms\ex04_scenewithtransforms\main.cpp(44): warning C4244: '인수' : 'double'에서 'GLfloat'(으)로 변환하면서 데이터가 손실될 수 있습니다.
     1>c:\users\수업\201502graphics\201502_graphics\excodes\ex04_scenewithtransforms\ex04_scenewithtransforms\main.cpp(45): warning C4244: '인수' : 'double'에서 'GLfloat'(으)로 변환하면서 데이터가 손실될 수 있습니다.
     1>c:\users\수업\201502graphics\201502_graphics\excodes\ex04_scenewithtransforms\ex04_scenewithtransforms\main.cpp(46): warning C4244: '인수' : 'double'에서 'GLfloat'(으)로 변환하면서 데이터가 손실될 수 있습니다.
     1>c:\users\수업\201502graphics\201502_graphics\excodes\ex04_scenewithtransforms\ex04_scenewithtransforms\main.cpp(61): warning C4305: '+=' : 'double'에서 'float'(으)로 잘립니다.
     1>c:\users\수업\201502graphics\201502_graphics\excodes\ex04_scenewithtransforms\ex04_scenewithtransforms\main.cpp(75): warning C4305: '인수' : 'double'에서 'GLfloat'(으)로 잘립니다.
     1>c:\users\수업\201502graphics\201502_graphics\excodes\ex04_scenewithtransforms\ex04_scenewithtransforms\main.cpp(75): warning C4305: '인수' : 'double'에서 'GLfloat'(으)로 잘립니다.
     1>c:\users\수업\201502graphics\201502_graphics\excodes\ex04_scenewithtransforms\ex04_scenewithtransforms\main.cpp(82): warning C4305: '인수' : 'double'에서 'GLfloat'(으)로 잘립니다.
     1>c:\users\수업\201502graphics\201502_graphics\excodes\ex04_scenewithtransforms\ex04_scenewithtransforms\main.cpp(82): warning C4305: '인수' : 'double'에서 'GLfloat'(으)로 잘립니다.
       Link:
         C:\Program Files (x86)\Microsoft Visual Studio 10.0\VC\bin\link.exe /ERRORREPORT:PROMPT /OUT:"C:\Users\수업\201502Graphics\201502_Graphics\ExCodes\Ex04_SceneWithTransforms\Debug\Ex04_SceneWithTransforms.exe" /INCREMENTAL:NO /NOLOGO kernel32.lib user32.lib gdi32.lib winspool.lib comdlg32.lib advapi32.lib shell32.lib ole32.lib oleaut32.lib uuid.lib odbc32.lib odbccp32.lib /MANIFEST /ManifestFile:"Debug\Ex04_SceneWithTransforms.exe.intermediate.manifest" /MANIFESTUAC:"level='asInvoker' uiAccess='false'" /DEBUG /PDB:"C:\Users\수업\201502Graphics\201502_Graphics\ExCodes\Ex04_SceneWithTransforms\Debug\Ex04_SceneWithTransforms.pdb" /SUBSYSTEM:CONSOLE /TLBID:1 /DYNAMICBASE /NXCOMPAT /IMPLIB:"C:\Users\수업\201502Graphics\201502_Graphics\ExCodes\Ex04_SceneWithTransforms\Debug\Ex04_SceneWithTransforms.lib" /MACHINE:X86 Debug\main.obj
     1>main.obj : warning LNK4075: '/EDITANDCONTINUE'이(가) '/INCREMENTAL:NO' 사양으로 인해 무시됩니다.
         Ex04_SceneWithTransforms.vcxproj -> C:\Users\수업\201502Graphics\201502_Graphics\ExCodes\Ex04_SceneWithTransforms\Debug\Ex04_SceneWithTransforms.exe
       Manifest:
         C:\Program Files (x86)\Microsoft SDKs\Windows\v7.0A\bin\mt.exe /nologo /verbose /outputresource:"C:\Users\수업\201502Graphics\201502_Graphics\ExCodes\Ex04_SceneWithTransforms\Debug\Ex04_SceneWithTransforms.exe;#1" /manifest Debug\Ex04_SceneWithTransforms.exe.intermediate.manifest
       FinalizeBuildStatus:
         "Debug\Ex04_SceneWithTransforms.unsuccessfulbuild" 파일을 삭제하고 있습니다.
         "Debug\Ex04_SceneWithTransforms.lastbuildstate"에 연결(touching)하고 있습니다.
     1>"C:\Users\수업\201502Graphics\201502_Graphics\ExCodes\Ex04_SceneWithTransforms\Ex04_SceneWithTransforms\Ex04_SceneWithTransforms.vcxproj" 프로젝트를 빌드했습니다(build 대상).

빌드했습니다.

경과 시간: 00:00:00.61
