빌드 시작: 2015-09-16 오후 12:29:10
     1>2 노드의 "C:\Users\수업\201502Graphics\201502_Graphics\ExCodes\Ex03_Camera\Ex03_Camera\Ex03_Camera.vcxproj" 프로젝트(build 대상)입니다.
     1>PrepareForBuild:
         "C:\Users\수업\201502Graphics\201502_Graphics\ExCodes\Ex03_Camera\x64\Debug\" 디렉터리를 만들고 있습니다.
       InitializeBuildStatus:
         "AlwaysCreate"이(가) 지정되었기 때문에 "x64\Debug\Ex03_Camera.unsuccessfulbuild"을(를) 만들고 있습니다.
       ClCompile:
         C:\Program Files (x86)\Microsoft Visual Studio 10.0\VC\bin\x86_amd64\CL.exe /c /Zi /nologo /W3 /WX- /Od /D WIN32 /D _DEBUG /D _CONSOLE /D _UNICODE /D UNICODE /Gm /EHsc /RTC1 /MDd /GS /fp:precise /Zc:wchar_t /Zc:forScope /Fo"x64\Debug\\" /Fd"x64\Debug\vc100.pdb" /Gd /TP /errorReport:prompt main.cpp
         main.cpp
     1>main.cpp(16): warning C4244: '=' : 'double'에서 'float'(으)로 변환하면서 데이터가 손실될 수 있습니다.
     1>main.cpp(55): warning C4305: '+=' : 'double'에서 'float'(으)로 잘립니다.
     1>main.cpp(60): warning C4305: '인수' : 'double'에서 'float'(으)로 잘립니다.
     1>main.cpp(64): warning C4305: '인수' : 'double'에서 'float'(으)로 잘립니다.
     1>main.cpp(65): warning C4305: '인수' : 'double'에서 'float'(으)로 잘립니다.
     1>main.cpp(65): warning C4305: '인수' : 'double'에서 'float'(으)로 잘립니다.
       Link:
         C:\Program Files (x86)\Microsoft Visual Studio 10.0\VC\bin\x86_amd64\link.exe /ERRORREPORT:PROMPT /OUT:"C:\Users\수업\201502Graphics\201502_Graphics\ExCodes\Ex03_Camera\x64\Debug\Ex03_Camera.exe" /INCREMENTAL:NO /NOLOGO kernel32.lib user32.lib gdi32.lib winspool.lib comdlg32.lib advapi32.lib shell32.lib ole32.lib oleaut32.lib uuid.lib odbc32.lib odbccp32.lib /MANIFEST /ManifestFile:"x64\Debug\Ex03_Camera.exe.intermediate.manifest" /MANIFESTUAC:"level='asInvoker' uiAccess='false'" /DEBUG /PDB:"C:\Users\수업\201502Graphics\201502_Graphics\ExCodes\Ex03_Camera\x64\Debug\Ex03_Camera.pdb" /SUBSYSTEM:CONSOLE /TLBID:1 /DYNAMICBASE /NXCOMPAT /IMPLIB:"C:\Users\수업\201502Graphics\201502_Graphics\ExCodes\Ex03_Camera\x64\Debug\Ex03_Camera.lib" /MACHINE:X64 x64\Debug\main.obj
     1>LINK : fatal error LNK1104: 'freeglutd.lib' 파일을 열 수 없습니다.
     1>"C:\Users\수업\201502Graphics\201502_Graphics\ExCodes\Ex03_Camera\Ex03_Camera\Ex03_Camera.vcxproj" 프로젝트를 빌드했습니다(build 대상). - 실패

빌드하지 못했습니다.

경과 시간: 00:00:03.10
