빌드 시작: 2015-09-16 오후 12:30:16
     1>2 노드의 "C:\Users\수업\201502Graphics\201502_Graphics\ExCodes\Ex03_Camera\Ex03_Camera\Ex03_Camera.vcxproj" 프로젝트(build 대상)입니다.
     1>InitializeBuildStatus:
         "AlwaysCreate"이(가) 지정되었기 때문에 "Release\Ex03_Camera.unsuccessfulbuild"을(를) 만들고 있습니다.
       ClCompile:
         C:\Program Files (x86)\Microsoft Visual Studio 10.0\VC\bin\CL.exe /c /Zi /nologo /W3 /WX- /O2 /Oi /Oy- /GL /D WIN32 /D NDEBUG /D _CONSOLE /D _UNICODE /D UNICODE /Gm- /EHsc /MD /GS /Gy /fp:precise /Zc:wchar_t /Zc:forScope /Fo"Release\\" /Fd"Release\vc100.pdb" /Gd /TP /analyze- /errorReport:prompt main.cpp
         main.cpp
     1>main.cpp(16): warning C4244: '=' : 'double'에서 'float'(으)로 변환하면서 데이터가 손실될 수 있습니다.
     1>main.cpp(55): warning C4305: '+=' : 'double'에서 'float'(으)로 잘립니다.
     1>main.cpp(60): warning C4305: '인수' : 'double'에서 'float'(으)로 잘립니다.
     1>main.cpp(64): warning C4305: '인수' : 'double'에서 'float'(으)로 잘립니다.
     1>main.cpp(65): warning C4305: '인수' : 'double'에서 'float'(으)로 잘립니다.
     1>main.cpp(65): warning C4305: '인수' : 'double'에서 'float'(으)로 잘립니다.
       Link:
         C:\Program Files (x86)\Microsoft Visual Studio 10.0\VC\bin\link.exe /ERRORREPORT:PROMPT /OUT:"C:\Users\수업\201502Graphics\201502_Graphics\ExCodes\Ex03_Camera\Release\Ex03_Camera.exe" /INCREMENTAL:NO /NOLOGO kernel32.lib user32.lib gdi32.lib winspool.lib comdlg32.lib advapi32.lib shell32.lib ole32.lib oleaut32.lib uuid.lib odbc32.lib odbccp32.lib /MANIFEST /ManifestFile:"Release\Ex03_Camera.exe.intermediate.manifest" /MANIFESTUAC:"level='asInvoker' uiAccess='false'" /DEBUG /PDB:"C:\Users\수업\201502Graphics\201502_Graphics\ExCodes\Ex03_Camera\Release\Ex03_Camera.pdb" /SUBSYSTEM:CONSOLE /OPT:REF /OPT:ICF /LTCG /TLBID:1 /DYNAMICBASE /NXCOMPAT /IMPLIB:"C:\Users\수업\201502Graphics\201502_Graphics\ExCodes\Ex03_Camera\Release\Ex03_Camera.lib" /MACHINE:X86 Release\main.obj
         코드를 생성하고 있습니다.
         코드를 생성했습니다.
         Ex03_Camera.vcxproj -> C:\Users\수업\201502Graphics\201502_Graphics\ExCodes\Ex03_Camera\Release\Ex03_Camera.exe
       Manifest:
         C:\Program Files (x86)\Microsoft SDKs\Windows\v7.0A\bin\mt.exe /nologo /verbose /outputresource:"C:\Users\수업\201502Graphics\201502_Graphics\ExCodes\Ex03_Camera\Release\Ex03_Camera.exe;#1" /manifest Release\Ex03_Camera.exe.intermediate.manifest
       FinalizeBuildStatus:
         "Release\Ex03_Camera.unsuccessfulbuild" 파일을 삭제하고 있습니다.
         "Release\Ex03_Camera.lastbuildstate"에 연결(touching)하고 있습니다.
     1>"C:\Users\수업\201502Graphics\201502_Graphics\ExCodes\Ex03_Camera\Ex03_Camera\Ex03_Camera.vcxproj" 프로젝트를 빌드했습니다(build 대상).

빌드했습니다.

경과 시간: 00:00:00.74
